
      Job Scheduled:
      - Job ID: 227e55a4-f6b5-48b0-af38-ef4f3878d65f
      - From Token: 0x0000000000000000000000000000000000000000
      - To Token: 0x4200000000000000000000000000000000000006
      - Recipient 0x3207876b4a76fd8818d97c0f6429fa50dd3ff727
      - From ChainId 137
      - To ChainId 10
      - Total Amount: 5000000000000000000
      - Number of Orders: 2
      - Cron Schedule: 1 min
      - Timestamp: 2024-08-10T06:10:25.730Z
    

      Job Scheduled:
      - Job ID: a533f542-42c3-4bad-9ede-b3b492ef87a8
      - From Token: 0x0000000000000000000000000000000000000000
      - To Token: 0x4200000000000000000000000000000000000006
      - Recipient 0x3207876b4a76fd8818d97c0f6429fa50dd3ff727
      - From ChainId 137
      - To ChainId 10
      - Total Amount: 5000000000000000000
      - Number of Orders: 2
      - Cron Schedule: 1 min
      - Timestamp: 2024-08-10T06:15:35.400Z
    

      Job Scheduled:
      - Job ID: f5f0bff4-51c6-4989-bbde-bff830537cb9
      - From Token: 0x0000000000000000000000000000000000000000
      - To Token: 0x4200000000000000000000000000000000000006
      - Recipient 0x3207876b4a76fd8818d97c0f6429fa50dd3ff727
      - From ChainId 137
      - To ChainId 10
      - Total Amount: 2000000000000000000
      - Number of Orders: 2
      - Cron Schedule: 1 min
      - Timestamp: 2024-08-10T06:21:01.513Z
    

      Job Scheduled:
      - Job ID: 5c440583-6c3e-400d-bade-709e986279c1
      - From Token: 0x0000000000000000000000000000000000000000
      - To Token: 0x4200000000000000000000000000000000000006
      - Recipient 0x3207876b4a76fd8818d97c0f6429fa50dd3ff727
      - From ChainId 137
      - To ChainId 10
      - Total Amount: 2000000000000000000
      - Number of Orders: 2
      - Cron Schedule: 1 min
      - Timestamp: 2024-08-11T03:22:54.889Z
    

      Job Scheduled:
      - Job ID: e7e6f2b6-81fa-4525-9943-dca2d7a769f4
      - From Token: 0x0000000000000000000000000000000000000000
      - To Token: 0x4200000000000000000000000000000000000006
      - Recipient 0x3207876b4a76fd8818d97c0f6429fa50dd3ff727
      - From ChainId 137
      - To ChainId 10
      - Total Amount: 2000000000000000000
      - Number of Orders: 2
      - Cron Schedule: 1 min
      - Timestamp: 2024-08-11T03:27:40.501Z
    

      Job Scheduled:
      - Job ID: 18ed766d-46d1-4f99-81f1-46fa59cfd7d0
      - From Token: 0x0000000000000000000000000000000000000000
      - To Token: 0x4200000000000000000000000000000000000006
      - Recipient 0x3207876b4a76fd8818d97c0f6429fa50dd3ff727
      - From ChainId 137
      - To ChainId 10
      - Total Amount: 2000000000000000000
      - Number of Orders: 2
      - Cron Schedule: 1 min
      - Timestamp: 2024-08-11T03:43:31.718Z
    

      Job Scheduled:
      - Job ID: 552b9324-b3ce-45a1-888a-f2ff7c94fc45
      - From Token: 0x0000000000000000000000000000000000000000
      - To Token: 0x4200000000000000000000000000000000000006
      - Recipient 0x3207876b4a76fd8818d97c0f6429fa50dd3ff727
      - From ChainId 137
      - To ChainId 10
      - Total Amount: 2000000000000000000
      - Number of Orders: 2
      - Cron Schedule: 1 min
      - Timestamp: 2024-08-11T11:22:17.674Z
    
